<?xml version="1.0" encoding="UTF-8"?>
<!-- Generated by org.testng.reporters.JUnitXMLReporter -->
<testsuite ignored="11" hostname="DESKTOP-L9JMAV8" failures="0" tests="5" name="Default test" time="13.685" errors="0" timestamp="2025-07-24T16:06:42 EET">
  <testcase classname="MyTestCases" name="AddData" time="0.034"/>
  <testcase classname="MyTestCases" name="UpdateData" time="0.008"/>
  <testcase classname="MyTestCases" name="Calendar" time="4.1"/>
  <testcase classname="MyTestCases" name="DeleteData" time="0.008"/>
  <testcase classname="MyTestCases" name="TakeAscreenShot" time="1.331"/>
  <testcase classname="MyTestCases" name="Open_window" time="0.0">
    <ignored/>
  </testcase> <!-- Open_window -->
  <testcase classname="MyTestCases" name="Checkbox" time="0.0">
    <ignored/>
  </testcase> <!-- Checkbox -->
  <testcase classname="MyTestCases" name="Static_Dropdown" time="0.0">
    <ignored/>
  </testcase> <!-- Static_Dropdown -->
  <testcase classname="MyTestCases" name="EnabledAndDisabled" time="0.0">
    <ignored/>
  </testcase> <!-- EnabledAndDisabled -->
  <testcase classname="MyTestCases" name="TheTable" time="0.0">
    <ignored/>
  </testcase> <!-- TheTable -->
  <testcase classname="MyTestCases" name="RadioButton" time="0.0">
    <ignored/>
  </testcase> <!-- RadioButton -->
  <testcase classname="MyTestCases" name="Dynamic_Dropdown" time="0.0">
    <ignored/>
  </testcase> <!-- Dynamic_Dropdown -->
  <testcase classname="MyTestCases" name="Open_Tab" time="0.0">
    <ignored/>
  </testcase> <!-- Open_Tab -->
  <testcase classname="MyTestCases" name="MouseHover" time="0.0">
    <ignored/>
  </testcase> <!-- MouseHover -->
  <testcase classname="MyTestCases" name="AlertAndConfirm" time="0.0">
    <ignored/>
  </testcase> <!-- AlertAndConfirm -->
  <testcase classname="MyTestCases" name="ElementDisplayed" time="0.0">
    <ignored/>
  </testcase> <!-- ElementDisplayed -->
</testsuite> <!-- Default test -->
