<?xml version="1.0" encoding="UTF-8"?>
<testng-results ignored="11" total="16" passed="5" failed="0" skipped="0">
  <reporter-output>
  </reporter-output>
  <suite started-at="2025-07-24T16:06:28 EET" name="Default suite" finished-at="2025-07-24T16:06:42 EET" duration-ms="13685">
    <groups>
    </groups>
    <test started-at="2025-07-24T16:06:28 EET" name="Default test" finished-at="2025-07-24T16:06:42 EET" duration-ms="13685">
      <class name="MyTestCases">
        <test-method is-config="true" signature="MySetup()[pri:0, instance:MyTestCases@6175619b]" started-at="2025-07-24T16:06:28 EET" name="MySetup" finished-at="2025-07-24T16:06:36 EET" duration-ms="8162" status="PASS">
          <reporter-output>
          </reporter-output>
        </test-method> <!-- MySetup -->
        <test-method signature="AddData()[pri:1, instance:MyTestCases@6175619b]" started-at="2025-07-24T16:06:36 EET" name="AddData" finished-at="2025-07-24T16:06:36 EET" duration-ms="34" status="PASS">
          <reporter-output>
          </reporter-output>
        </test-method> <!-- AddData -->
        <test-method signature="UpdateData()[pri:2, instance:MyTestCases@6175619b]" started-at="2025-07-24T16:06:36 EET" name="UpdateData" finished-at="2025-07-24T16:06:36 EET" duration-ms="8" status="PASS">
          <reporter-output>
          </reporter-output>
        </test-method> <!-- UpdateData -->
        <test-method signature="Calendar()[pri:3, instance:MyTestCases@6175619b]" started-at="2025-07-24T16:06:36 EET" name="Calendar" finished-at="2025-07-24T16:06:40 EET" duration-ms="4100" status="PASS">
          <reporter-output>
          </reporter-output>
        </test-method> <!-- Calendar -->
        <test-method signature="DeleteData()[pri:4, instance:MyTestCases@6175619b]" started-at="2025-07-24T16:06:40 EET" name="DeleteData" finished-at="2025-07-24T16:06:40 EET" duration-ms="8" status="PASS">
          <reporter-output>
          </reporter-output>
        </test-method> <!-- DeleteData -->
        <test-method signature="TakeAscreenShot()[pri:5, instance:MyTestCases@6175619b]" started-at="2025-07-24T16:06:40 EET" name="TakeAscreenShot" finished-at="2025-07-24T16:06:42 EET" duration-ms="1331" status="PASS">
          <reporter-output>
          </reporter-output>
        </test-method> <!-- TakeAscreenShot -->
      </class> <!-- MyTestCases -->
    </test> <!-- Default test -->
  </suite> <!-- Default suite -->
</testng-results>
