<?xml version="1.0" encoding="UTF-8"?>
<testng-results ignored="11" total="12" passed="1" failed="0" skipped="0">
  <reporter-output>
  </reporter-output>
  <suite started-at="2025-07-22T15:45:01 EET" name="Default suite" finished-at="2025-07-22T15:45:11 EET" duration-ms="9745">
    <groups>
    </groups>
    <test started-at="2025-07-22T15:45:01 EET" name="Default test" finished-at="2025-07-22T15:45:11 EET" duration-ms="9745">
      <class name="MyTestCases">
        <test-method is-config="true" signature="MySetup()[pri:0, instance:MyTestCases@625e134e]" started-at="2025-07-22T15:45:01 EET" name="MySetup" finished-at="2025-07-22T15:45:09 EET" duration-ms="7935" status="PASS">
          <reporter-output>
          </reporter-output>
        </test-method> <!-- MySetup -->
        <test-method signature="Calendar()[pri:0, instance:MyTestCases@625e134e]" started-at="2025-07-22T15:45:09 EET" name="Calendar" finished-at="2025-07-22T15:45:11 EET" duration-ms="1772" status="PASS">
          <reporter-output>
          </reporter-output>
        </test-method> <!-- Calendar -->
      </class> <!-- MyTestCases -->
    </test> <!-- Default test -->
  </suite> <!-- Default suite -->
</testng-results>
